TN:
SF:src/RebaseToken.sol
DA:48,1
FN:48,RebaseToken.grantMintAndBurnRole
FNDA:1,RebaseToken.grantMintAndBurnRole
DA:49,1
DA:63,0
FN:63,RebaseToken.setInterestRate
FNDA:0,RebaseToken.setInterestRate
DA:65,0
BRDA:65,0,0,-
DA:66,0
DA:68,0
DA:69,0
DA:79,0
FN:79,RebaseToken.principalBalanceOf
FNDA:0,RebaseToken.principalBalanceOf
DA:80,0
DA:88,256
FN:88,RebaseToken.mint
FNDA:256,RebaseToken.mint
DA:90,256
DA:92,256
DA:93,256
DA:100,0
FN:100,RebaseToken.burn
FNDA:0,RebaseToken.burn
DA:102,0
DA:103,0
DA:113,768
FN:113,RebaseToken.balanceOf
FNDA:768,RebaseToken.balanceOf
DA:115,1024
DA:116,1024
BRDA:116,1,0,256
DA:117,256
DA:120,768
DA:130,0
FN:130,RebaseToken.transfer
FNDA:0,RebaseToken.transfer
DA:132,0
BRDA:132,2,0,-
DA:133,0
DA:135,0
DA:136,0
DA:137,0
BRDA:137,3,0,-
DA:139,0
DA:141,0
DA:152,0
FN:152,RebaseToken.transferFrom
FNDA:0,RebaseToken.transferFrom
DA:153,0
BRDA:153,4,0,-
DA:154,0
DA:157,0
DA:158,0
DA:159,0
BRDA:159,5,0,-
DA:161,0
DA:163,0
DA:170,768
FN:170,RebaseToken._calculateUserAccumulatedInterestSinceLastUpdate
FNDA:768,RebaseToken._calculateUserAccumulatedInterestSinceLastUpdate
DA:175,768
DA:177,768
DA:184,256
FN:184,RebaseToken._mintAccruedInterest
FNDA:256,RebaseToken._mintAccruedInterest
DA:186,256
DA:190,256
DA:191,256
DA:194,256
DA:196,256
DA:203,256
FN:203,RebaseToken.getInterestRate
FNDA:256,RebaseToken.getInterestRate
DA:204,256
DA:212,0
FN:212,RebaseToken.getUserInterestRate
FNDA:0,RebaseToken.getUserInterestRate
DA:213,0
FNF:12
FNH:6
LF:50
LH:22
BRF:6
BRH:1
end_of_record
TN:
SF:src/Vault.sol
DA:14,1
FN:14,Vault.constructor
FNDA:1,Vault.constructor
DA:15,1
DA:21,256
FN:21,Vault.deposit
FNDA:256,Vault.deposit
DA:22,256
DA:23,256
DA:30,0
FN:30,Vault.redeem
FNDA:0,Vault.redeem
DA:31,0
BRDA:31,0,0,-
DA:32,0
DA:34,0
DA:36,0
DA:37,0
BRDA:37,1,0,-
DA:38,0
DA:40,0
FNF:3
FNH:2
LF:13
LH:5
BRF:2
BRH:0
end_of_record
